0 info it worked if it ends with ok
1 verbose cli [ 'C:\\Program Files\\nodejs\\node.exe',
1 verbose cli   'C:\\Program Files\\nodejs\\node_modules\\npm\\bin\\npm-cli.js',
1 verbose cli   'install',
1 verbose cli   '--save',
1 verbose cli   'bootstrap@Latest',
1 verbose cli   'font-awesome' ]
2 info using npm@3.10.10
3 info using node@v6.11.3
4 silly loadCurrentTree Starting
5 silly install loadCurrentTree
6 silly install readLocalPackageData
7 silly fetchPackageMetaData bootstrap@Latest
8 silly fetchPackageMetaData font-awesome
9 silly fetchNamedPackageData bootstrap
10 silly mapToRegistry name bootstrap
11 silly mapToRegistry using default registry
12 silly mapToRegistry registry https://registry.npmjs.org/
13 silly mapToRegistry data Result {
13 silly mapToRegistry   raw: 'bootstrap',
13 silly mapToRegistry   scope: null,
13 silly mapToRegistry   escapedName: 'bootstrap',
13 silly mapToRegistry   name: 'bootstrap',
13 silly mapToRegistry   rawSpec: '',
13 silly mapToRegistry   spec: 'latest',
13 silly mapToRegistry   type: 'tag' }
14 silly mapToRegistry uri https://registry.npmjs.org/bootstrap
15 silly fetchNamedPackageData font-awesome
16 silly mapToRegistry name font-awesome
17 silly mapToRegistry using default registry
18 silly mapToRegistry registry https://registry.npmjs.org/
19 silly mapToRegistry data Result {
19 silly mapToRegistry   raw: 'font-awesome',
19 silly mapToRegistry   scope: null,
19 silly mapToRegistry   escapedName: 'font-awesome',
19 silly mapToRegistry   name: 'font-awesome',
19 silly mapToRegistry   rawSpec: '',
19 silly mapToRegistry   spec: 'latest',
19 silly mapToRegistry   type: 'tag' }
20 silly mapToRegistry uri https://registry.npmjs.org/font-awesome
21 verbose request uri https://registry.npmjs.org/bootstrap
22 verbose request no auth needed
23 info attempt registry request try #1 at 19:38:23
24 verbose request id e1ca17cb90ba0904
25 http request GET https://registry.npmjs.org/bootstrap
26 verbose request uri https://registry.npmjs.org/font-awesome
27 verbose request no auth needed
28 info attempt registry request try #1 at 19:38:23
29 http request GET https://registry.npmjs.org/font-awesome
30 http 200 https://registry.npmjs.org/font-awesome
31 verbose headers { server: 'nginx/1.10.1',
31 verbose headers   'content-type': 'application/json',
31 verbose headers   'last-modified': 'Sun, 10 Sep 2017 03:09:41 GMT',
31 verbose headers   etag: 'W/"59b4acf5-57ab"',
31 verbose headers   'content-encoding': 'gzip',
31 verbose headers   'cache-control': 'max-age=300',
31 verbose headers   'content-length': '4740',
31 verbose headers   'accept-ranges': 'bytes',
31 verbose headers   date: 'Thu, 14 Sep 2017 17:38:25 GMT',
31 verbose headers   via: '1.1 varnish',
31 verbose headers   age: '50',
31 verbose headers   connection: 'keep-alive',
31 verbose headers   'x-served-by': 'cache-mad9433-MAD',
31 verbose headers   'x-cache': 'HIT',
31 verbose headers   'x-cache-hits': '1',
31 verbose headers   'x-timer': 'S1505410705.051205,VS0,VE0',
31 verbose headers   vary: 'Accept-Encoding, Accept' }
32 silly get cb [ 200,
32 silly get   { server: 'nginx/1.10.1',
32 silly get     'content-type': 'application/json',
32 silly get     'last-modified': 'Sun, 10 Sep 2017 03:09:41 GMT',
32 silly get     etag: 'W/"59b4acf5-57ab"',
32 silly get     'content-encoding': 'gzip',
32 silly get     'cache-control': 'max-age=300',
32 silly get     'content-length': '4740',
32 silly get     'accept-ranges': 'bytes',
32 silly get     date: 'Thu, 14 Sep 2017 17:38:25 GMT',
32 silly get     via: '1.1 varnish',
32 silly get     age: '50',
32 silly get     connection: 'keep-alive',
32 silly get     'x-served-by': 'cache-mad9433-MAD',
32 silly get     'x-cache': 'HIT',
32 silly get     'x-cache-hits': '1',
32 silly get     'x-timer': 'S1505410705.051205,VS0,VE0',
32 silly get     vary: 'Accept-Encoding, Accept' } ]
33 verbose get saving font-awesome to C:\Users\admin\AppData\Roaming\npm-cache\registry.npmjs.org\font-awesome\.cache.json
34 verbose correctMkdir C:\Users\admin\AppData\Roaming\npm-cache correctMkdir not in flight; initializing
35 http 200 https://registry.npmjs.org/bootstrap
36 verbose headers { server: 'nginx/1.10.1',
36 verbose headers   'content-type': 'application/json',
36 verbose headers   'last-modified': 'Sun, 10 Sep 2017 08:00:05 GMT',
36 verbose headers   etag: 'W/"59b4f105-e2e9"',
36 verbose headers   'content-encoding': 'gzip',
36 verbose headers   'cache-control': 'max-age=300',
36 verbose headers   'content-length': '11512',
36 verbose headers   'accept-ranges': 'bytes',
36 verbose headers   date: 'Thu, 14 Sep 2017 17:38:25 GMT',
36 verbose headers   via: '1.1 varnish',
36 verbose headers   age: '219',
36 verbose headers   connection: 'keep-alive',
36 verbose headers   'x-served-by': 'cache-mad9422-MAD',
36 verbose headers   'x-cache': 'HIT',
36 verbose headers   'x-cache-hits': '43',
36 verbose headers   'x-timer': 'S1505410705.046231,VS0,VE0',
36 verbose headers   vary: 'Accept-Encoding, Accept' }
37 silly get cb [ 200,
37 silly get   { server: 'nginx/1.10.1',
37 silly get     'content-type': 'application/json',
37 silly get     'last-modified': 'Sun, 10 Sep 2017 08:00:05 GMT',
37 silly get     etag: 'W/"59b4f105-e2e9"',
37 silly get     'content-encoding': 'gzip',
37 silly get     'cache-control': 'max-age=300',
37 silly get     'content-length': '11512',
37 silly get     'accept-ranges': 'bytes',
37 silly get     date: 'Thu, 14 Sep 2017 17:38:25 GMT',
37 silly get     via: '1.1 varnish',
37 silly get     age: '219',
37 silly get     connection: 'keep-alive',
37 silly get     'x-served-by': 'cache-mad9422-MAD',
37 silly get     'x-cache': 'HIT',
37 silly get     'x-cache-hits': '43',
37 silly get     'x-timer': 'S1505410705.046231,VS0,VE0',
37 silly get     vary: 'Accept-Encoding, Accept' } ]
38 verbose get saving bootstrap to C:\Users\admin\AppData\Roaming\npm-cache\registry.npmjs.org\bootstrap\.cache.json
39 verbose correctMkdir C:\Users\admin\AppData\Roaming\npm-cache correctMkdir not in flight; initializing
40 silly fetchPackageMetaData Error: No compatible version found: bootstrap@Latest
40 silly fetchPackageMetaData Valid install targets:
40 silly fetchPackageMetaData 4.0.0-beta, 4.0.0-alpha.6, 4.0.0-alpha.5, 4.0.0-alpha.4, 4.0.0-alpha.3, 4.0.0-alpha.2, 3.3.7, 3.3.6, 3.3.5, 3.3.4, 3.3.2, 3.3.1, 3.3.0, 3.2.0, 3.1.1, 0.0.2, 0.0.1
40 silly fetchPackageMetaData
40 silly fetchPackageMetaData     at pickVersionFromRegistryDocument (C:\Program Files\nodejs\node_modules\npm\lib\fetch-package-metadata.js:178:16)
40 silly fetchPackageMetaData     at C:\Program Files\nodejs\node_modules\npm\node_modules\iferr\index.js:13:50
40 silly fetchPackageMetaData     at C:\Program Files\nodejs\node_modules\npm\lib\utils\pulse-till-done.js:20:8
40 silly fetchPackageMetaData     at saved (C:\Program Files\nodejs\node_modules\npm\lib\cache\caching-client.js:174:7)
40 silly fetchPackageMetaData     at C:\Program Files\nodejs\node_modules\npm\node_modules\graceful-fs\polyfills.js:241:18
40 silly fetchPackageMetaData     at FSReqWrap.oncomplete (fs.js:123:15)
40 silly fetchPackageMetaData  error for bootstrap@Latest { Error: No compatible version found: bootstrap@Latest
40 silly fetchPackageMetaData Valid install targets:
40 silly fetchPackageMetaData 4.0.0-beta, 4.0.0-alpha.6, 4.0.0-alpha.5, 4.0.0-alpha.4, 4.0.0-alpha.3, 4.0.0-alpha.2, 3.3.7, 3.3.6, 3.3.5, 3.3.4, 3.3.2, 3.3.1, 3.3.0, 3.2.0, 3.1.1, 0.0.2, 0.0.1
40 silly fetchPackageMetaData
40 silly fetchPackageMetaData     at pickVersionFromRegistryDocument (C:\Program Files\nodejs\node_modules\npm\lib\fetch-package-metadata.js:178:16)
40 silly fetchPackageMetaData     at C:\Program Files\nodejs\node_modules\npm\node_modules\iferr\index.js:13:50
40 silly fetchPackageMetaData     at C:\Program Files\nodejs\node_modules\npm\lib\utils\pulse-till-done.js:20:8
40 silly fetchPackageMetaData     at saved (C:\Program Files\nodejs\node_modules\npm\lib\cache\caching-client.js:174:7)
40 silly fetchPackageMetaData     at C:\Program Files\nodejs\node_modules\npm\node_modules\graceful-fs\polyfills.js:241:18
40 silly fetchPackageMetaData     at FSReqWrap.oncomplete (fs.js:123:15) code: 'ETARGET' }
41 silly rollbackFailedOptional Starting
42 silly rollbackFailedOptional Finishing
43 silly runTopLevelLifecycles Finishing
44 silly install printInstalled
45 verbose stack Error: No compatible version found: bootstrap@Latest
45 verbose stack Valid install targets:
45 verbose stack 4.0.0-beta, 4.0.0-alpha.6, 4.0.0-alpha.5, 4.0.0-alpha.4, 4.0.0-alpha.3, 4.0.0-alpha.2, 3.3.7, 3.3.6, 3.3.5, 3.3.4, 3.3.2, 3.3.1, 3.3.0, 3.2.0, 3.1.1, 0.0.2, 0.0.1
45 verbose stack
45 verbose stack     at pickVersionFromRegistryDocument (C:\Program Files\nodejs\node_modules\npm\lib\fetch-package-metadata.js:178:16)
45 verbose stack     at C:\Program Files\nodejs\node_modules\npm\node_modules\iferr\index.js:13:50
45 verbose stack     at C:\Program Files\nodejs\node_modules\npm\lib\utils\pulse-till-done.js:20:8
45 verbose stack     at saved (C:\Program Files\nodejs\node_modules\npm\lib\cache\caching-client.js:174:7)
45 verbose stack     at C:\Program Files\nodejs\node_modules\npm\node_modules\graceful-fs\polyfills.js:241:18
45 verbose stack     at FSReqWrap.oncomplete (fs.js:123:15)
46 verbose cwd C:\Users\admin\Documents\redSocial-Angular\FaceAngular
47 error Windows_NT 6.1.7601
48 error argv "C:\\Program Files\\nodejs\\node.exe" "C:\\Program Files\\nodejs\\node_modules\\npm\\bin\\npm-cli.js" "install" "--save" "bootstrap@Latest" "font-awesome"
49 error node v6.11.3
50 error npm  v3.10.10
51 error code ETARGET
52 error notarget No compatible version found: bootstrap@Latest
52 error notarget Valid install targets:
52 error notarget 4.0.0-beta, 4.0.0-alpha.6, 4.0.0-alpha.5, 4.0.0-alpha.4, 4.0.0-alpha.3, 4.0.0-alpha.2, 3.3.7, 3.3.6, 3.3.5, 3.3.4, 3.3.2, 3.3.1, 3.3.0, 3.2.0, 3.1.1, 0.0.2, 0.0.1
53 error notarget This is most likely not a problem with npm itself.
53 error notarget In most cases you or one of your dependencies are requesting
53 error notarget a package version that doesn't exist.
54 verbose exit [ 1, true ]
